<?xml version="1.0" encoding="UTF-8"?>
<testsuite xmlns:xsi="http://www.w3.org/2001/XMLSchema-instance" xsi:noNamespaceSchemaLocation="https://maven.apache.org/surefire/maven-surefire-plugin/xsd/surefire-test-report-3.0.xsd" version="3.0" name="com.dogapi.tests.DogApiTests" time="5.005" tests="6" errors="0" skipped="0" failures="0">
  <properties>
[...]
</properties>
  <testcase name="testListAllBreedsInvalidEndpointNegative" classname="com.dogapi.tests.DogApiTests" time="2.535"/>
  <testcase name="testListAllBreedsPositive" classname="com.dogapi.tests.DogApiTests" time="0.531"/>
  <testcase name="testAllImagesByBreedPositive" classname="com.dogapi.tests.DogApiTests" time="0.476"/>
  <testcase name="testRandomImageInvalidEndpointNegative" classname="com.dogapi.tests.DogApiTests" time="0.489"/>
  <testcase name="testRandomImagePositive" classname="com.dogapi.tests.DogApiTests" time="0.47"/>
  <testcase name="testAllImagesByInvalidBreedNegative" classname="com.dogapi.tests.DogApiTests" time="0.482"/>
</testsuite>